2026-06-15 14:15:49.289983000 [INFO ] [ctrl   ] log conf: level: warn,ctrl=info,data=error,matrc=error,dfx=warn,kdb=warn
output: File
path: Some("./data/logs/")
 
2026-06-15 14:15:49.290134000 [WARN ] [wp_core_connectors::registry] duplicate sink factory registration ignored: kind='blackhole' existing=/Users/zuowenjian/devspace/rust/wparse/wp-motor/src/sinks/builtin_factories.rs:9 new=/Users/zuowenjian/devspace/rust/wparse/wp-motor/src/sinks/builtin_factories.rs:9
2026-06-15 14:15:49.290156000 [WARN ] [wp_core_connectors::registry] duplicate sink factory registration ignored: kind='file' existing=/Users/zuowenjian/devspace/rust/wparse/wp-motor/src/sinks/builtin_factories.rs:10 new=/Users/zuowenjian/devspace/rust/wparse/wp-motor/src/sinks/builtin_factories.rs:10
2026-06-15 14:15:49.290176000 [WARN ] [wp_core_connectors::registry] duplicate sink factory registration ignored: kind='syslog' existing=/Users/zuowenjian/devspace/rust/wparse/wp-motor/src/sinks/builtin_factories.rs:11 new=/Users/zuowenjian/devspace/rust/wparse/wp-motor/src/sinks/builtin_factories.rs:11
2026-06-15 14:15:49.290194000 [WARN ] [wp_core_connectors::registry] duplicate sink factory registration ignored: kind='tcp' existing=/Users/zuowenjian/devspace/rust/wparse/wp-motor/src/sinks/builtin_factories.rs:12 new=/Users/zuowenjian/devspace/rust/wparse/wp-motor/src/sinks/builtin_factories.rs:12
2026-06-15 14:15:49.290210000 [WARN ] [wp_core_connectors::registry] duplicate sink factory registration ignored: kind='test_rescue' existing=/Users/zuowenjian/devspace/rust/wparse/wp-motor/src/sinks/builtin_factories.rs:13 new=/Users/zuowenjian/devspace/rust/wparse/wp-motor/src/sinks/builtin_factories.rs:13
2026-06-15 14:15:49.290226000 [WARN ] [wp_core_connectors::registry] duplicate source factory registration ignored: kind='syslog' existing=/Users/zuowenjian/.cargo/registry/src/index.crates.io-1949cf8c6b5b557f/wp-core-connectors-0.5.0/src/sources/syslog/mod.rs:48 new=/Users/zuowenjian/.cargo/registry/src/index.crates.io-1949cf8c6b5b557f/wp-core-connectors-0.5.0/src/sources/syslog/mod.rs:48
2026-06-15 14:15:49.290245000 [WARN ] [wp_core_connectors::registry] duplicate source factory registration ignored: kind='file' existing=/Users/zuowenjian/.cargo/registry/src/index.crates.io-1949cf8c6b5b557f/wp-core-connectors-0.5.0/src/sources/file/factory.rs:230 new=/Users/zuowenjian/.cargo/registry/src/index.crates.io-1949cf8c6b5b557f/wp-core-connectors-0.5.0/src/sources/file/factory.rs:230
2026-06-15 14:15:49.290300000 [INFO ] [ctrl   ] version 0.25.0 (branch alpha, commit 59ceed3e, built 2026-06-13T15:48:34.416602+08:00 via rustc 1.95.0 (59807616e 2026-04-14))
2026-06-15 14:15:49.290315000 [INFO ] [ctrl   ] enterprise control plane disabled (feature 'enterprise-backend' not enabled)
2026-06-15 14:15:49.290592000 [INFO ] [ctrl   ] build engine with run_mode=Batch, parallel=2, line_max=Some(5000)
2026-06-15 14:15:49.290938000 [INFO ] [ctrl   ] semantic dict: 语义词典配置有效: /Users/zuowenjian/devspace/rust/wfusion/warp-fusion/examples/wp-pipeline/kafka/wparse/models/knowledge/semantic_dict.toml | 模式: ADD（扩展内置词典） | 词汇数: 0
2026-06-15 14:15:49.291735000 [WARN ] [conf   ] vars not value : SEC_PWD
2026-06-15 14:15:49.294260000 [INFO ] [ctrl   ] suc! doing=load table to kdb: 
call context:
	table_dir : /Users/zuowenjian/devspace/rust/wfusion/warp-fusion/examples/wp-pipeline/kafka/wparse/models/knowledge/./example
	data_path : /Users/zuowenjian/devspace/rust/wfusion/warp-fusion/examples/wp-pipeline/kafka/wparse/models/knowledge/./example/data.csv

2026-06-15 14:15:49.294293000 [INFO ] [ctrl   ] load table /Users/zuowenjian/devspace/rust/wfusion/warp-fusion/examples/wp-pipeline/kafka/wparse/models/knowledge/. suc!
2026-06-15 14:15:49.294428000 [WARN ] [conf   ] vars not value : SEC_PWD
2026-06-15 14:15:49.294547000 [WARN ] [conf   ] vars not value : SEC_PWD
2026-06-15 14:15:49.295533000 [INFO ] [ctrl   ] suc! doing=load table to kdb: 
call context:
	table_dir : /Users/zuowenjian/devspace/rust/wfusion/warp-fusion/examples/wp-pipeline/kafka/wparse/models/knowledge/./example
	data_path : /Users/zuowenjian/devspace/rust/wfusion/warp-fusion/examples/wp-pipeline/kafka/wparse/models/knowledge/./example/data.csv

2026-06-15 14:15:49.295556000 [INFO ] [ctrl   ] load table /Users/zuowenjian/devspace/rust/wfusion/warp-fusion/examples/wp-pipeline/kafka/wparse/models/knowledge/. suc!
2026-06-15 14:15:49.295602000 [INFO ] [ctrl   ] init authority knowdb success(/Users/zuowenjian/devspace/rust/wfusion/warp-fusion/examples/wp-pipeline/kafka/wparse/models/knowledge/knowdb.toml) 
2026-06-15 14:15:49.298050000 [WARN ] [ctrl   ] doing=validate sink conf: 
call context:
	name : default/[0]
	kind : file
: validate suc!
2026-06-15 14:15:49.298090000 [INFO ] [ctrl   ] suc! doing=validate sink conf: 
call context:
	name : default/[0]
	kind : file

2026-06-15 14:15:49.298118000 [WARN ] [ctrl   ] doing=validate sink conf: 
call context:
	name : error/[0]
	kind : file
: validate suc!
2026-06-15 14:15:49.298132000 [INFO ] [ctrl   ] suc! doing=validate sink conf: 
call context:
	name : error/[0]
	kind : file

2026-06-15 14:15:49.298155000 [WARN ] [ctrl   ] doing=validate sink conf: 
call context:
	name : miss/[0]
	kind : file
: validate suc!
2026-06-15 14:15:49.298168000 [INFO ] [ctrl   ] suc! doing=validate sink conf: 
call context:
	name : miss/[0]
	kind : file

2026-06-15 14:15:49.298187000 [WARN ] [ctrl   ] doing=validate sink conf: 
call context:
	name : monitor/[0]
	kind : file
: validate suc!
2026-06-15 14:15:49.298199000 [INFO ] [ctrl   ] suc! doing=validate sink conf: 
call context:
	name : monitor/[0]
	kind : file

2026-06-15 14:15:49.298217000 [WARN ] [ctrl   ] doing=validate sink conf: 
call context:
	name : residue/[0]
	kind : file
: validate suc!
2026-06-15 14:15:49.298228000 [INFO ] [ctrl   ] suc! doing=validate sink conf: 
call context:
	name : residue/[0]
	kind : file

2026-06-15 14:15:49.298602000 [INFO ] [ctrl   ] create sink:default/[0] batch_size=128
2026-06-15 14:15:49.298735000 [INFO ] [ctrl   ] create sink:residue/[0] batch_size=1
2026-06-15 14:15:49.298836000 [INFO ] [ctrl   ] create sink:miss/[0] batch_size=1
2026-06-15 14:15:49.298931000 [INFO ] [ctrl   ] create sink:error/[0] batch_size=1
2026-06-15 14:15:49.299029000 [INFO ] [ctrl   ] create sink:monitor/[0] batch_size=1
2026-06-15 14:15:49.301164000 [INFO ] [ctrl   ] load all wpl code beg...
2026-06-15 14:15:49.301206000 [INFO ] [ctrl   ] find conf files in: /Users/zuowenjian/devspace/rust/wfusion/warp-fusion/examples/wp-pipeline/kafka/wparse/models/wpl
2026-06-15 14:15:49.301345000 [INFO ] [ctrl   ] load conf file: "/Users/zuowenjian/devspace/rust/wfusion/warp-fusion/examples/wp-pipeline/kafka/wparse/models/wpl/parse.wpl"
2026-06-15 14:15:49.301526000 [INFO ] [ctrl   ] success load & parse code : "/Users/zuowenjian/devspace/rust/wfusion/warp-fusion/examples/wp-pipeline/kafka/wparse/models/wpl/parse.wpl"
2026-06-15 14:15:49.301548000 [INFO ] [ctrl   ] load all wpl code end
2026-06-15 14:15:49.301565000 [INFO ] [ctrl   ] load all oml model
2026-06-15 14:15:49.301577000 [INFO ] [ctrl   ] find conf files in: /Users/zuowenjian/devspace/rust/wfusion/warp-fusion/examples/wp-pipeline/kafka/wparse/models/oml
2026-06-15 14:15:49.301684000 [INFO ] [ctrl   ] load conf file: "/Users/zuowenjian/devspace/rust/wfusion/warp-fusion/examples/wp-pipeline/kafka/wparse/models/oml/example.oml"
2026-06-15 14:15:49.303924000 [WARN ] [ctrl   ] doing=validate sink conf: 
call context:
	name : demo/json
	kind : file
: validate suc!
2026-06-15 14:15:49.303952000 [INFO ] [ctrl   ] suc! doing=validate sink conf: 
call context:
	name : demo/json
	kind : file

2026-06-15 14:15:49.303988000 [WARN ] [ctrl   ] doing=validate sink conf: 
call context:
	name : nginx_to_kafka/kafka_output
	kind : kafka
: validate suc!
2026-06-15 14:15:49.304002000 [INFO ] [ctrl   ] suc! doing=validate sink conf: 
call context:
	name : nginx_to_kafka/kafka_output
	kind : kafka

2026-06-15 14:15:49.304991000 [INFO ] [ctrl   ] update_sink_mdl_index, match oml nginx
2026-06-15 14:15:49.305012000 [INFO ] [ctrl   ] update_sink_mdl_index, match oml nginx
2026-06-15 14:15:49.305054000 [INFO ] [ctrl   ] init SinkGroup: demo
2026-06-15 14:15:49.305076000 [INFO ] [ctrl   ] alloc sink res : sink demo 
2026-06-15 14:15:49.305232000 [INFO ] [ctrl   ] create sink:demo/json batch_size=1024
2026-06-15 14:15:49.305257000 [INFO ] [ctrl   ] init SinkGroup: nginx_to_kafka
2026-06-15 14:15:49.305268000 [INFO ] [ctrl   ] alloc sink res : sink nginx_to_kafka 
2026-06-15 14:15:49.305279000 [INFO ] [ctrl   ] alloc sink res : sink nginx_to_kafka oml model: nginx
2026-06-15 14:15:49.315609000 [WARN ] [rdkafka_wrap::wrap_ext] create kafka topic wp_nginx_logs: topic already exists
2026-06-15 14:15:49.316085000 [INFO ] [ctrl   ] create sink:nginx_to_kafka/kafka_output batch_size=1024
2026-06-15 14:15:49.316198000 [INFO ] [ctrl   ] alloc parse res : wpl rule /nginx//example  
2026-06-15 14:15:49.316218000 [INFO ] [ctrl   ] alloc parse res : rule /nginx//example  sink agent: demo
2026-06-15 14:15:49.316692000 [INFO ] [ctrl   ] save data file suc : /Users/zuowenjian/devspace/rust/wfusion/warp-fusion/examples/wp-pipeline/kafka/wparse/.run/rule_mapping.dat 
2026-06-15 14:15:49.316760000 [INFO ] [ctrl   ] start warp-service: run_mode=batch, parallel=2, line_max=Some(5000), reload_timeout_ms=10000
2026-06-15 14:15:49.316777000 [INFO ] [ctrl   ] semantic analysis: disabled
2026-06-15 14:15:49.316828000 [INFO ] [ctrl   ] 数据源配置统计: V2源=1个, 接受器(来自V2)=0个
2026-06-15 14:15:49.316863000 [INFO ] [ctrl   ] monitor proc start: stat_sec=60, stat_print=true
2026-06-15 14:15:49.316982000 [INFO ] [ctrl   ] run-mode=batch: 跳过启动接受器任务
2026-06-15 14:15:49.317006000 [INFO ] [ctrl   ] start 2 parallel to parse (frames)
2026-06-15 14:15:49.317032000 [INFO ] [ctrl   ] speed: unlimited (no wait)
2026-06-15 14:15:49.317045000 [INFO ] [ctrl   ] monitor loop started (stat_sec=60, stat_print=true)
2026-06-15 14:15:49.317161000 [INFO ] [ctrl   ] actor(wparse-parse) work start
2026-06-15 14:15:49.317243000 [INFO ] [ctrl   ] speed: unlimited (no wait)
2026-06-15 14:15:49.317255000 [INFO ] [ctrl   ] spawn tokio Sink Group nginx_to_kafka batch_size=1024 batch_timeout_ms=300
2026-06-15 14:15:49.317345000 [INFO ] [ctrl   ] actor(wparse-parse) work start
2026-06-15 14:15:49.317431000 [INFO ] [ctrl   ] speed: unlimited (no wait)
2026-06-15 14:15:49.317443000 [WARN ] [ctrl   ] parse engine pipelin cnt: 1
2026-06-15 14:15:49.317454000 [INFO ] [ctrl   ] spawn tokio Sink Group demo batch_size=1024 batch_timeout_ms=300
2026-06-15 14:15:49.317552000 [INFO ] [ctrl   ] speed: unlimited (no wait)
2026-06-15 14:15:49.317629000 [INFO ] [ctrl   ] speed: unlimited (no wait)
2026-06-15 14:15:49.317645000 [WARN ] [ctrl   ] parse engine pipelin cnt: 1
2026-06-15 14:15:49.317658000 [INFO ] [ctrl   ] speed: unlimited (no wait)
2026-06-15 14:15:49.317723000 [INFO ] [ctrl   ] speed: unlimited (no wait)
2026-06-15 14:15:49.419500000 [INFO ] [ctrl   ] 启动数据收集(Frame)： 1个数据源
2026-06-15 14:15:49.419555000 [INFO ] [ctrl   ] spawning picker for source 'file_1' (line_max=Some(5000), speed_limit=10000)
2026-06-15 14:15:49.419591000 [WARN ] [ctrl   ] engine started!
2026-06-15 14:15:49.419604000 [INFO ] [ctrl   ] 启动数据源 picker(Frame): file_1
2026-06-15 14:15:49.419626000 [INFO ] [ctrl   ] Starting data source 'file_1'
2026-06-15 14:15:49.419668000 [INFO ] [ctrl   ] Data source 'file_1' started (speed_limit=Some(10000), max_count=Some(5000))
2026-06-15 14:15:49.419702000 [INFO ] [ctrl   ] file_1-picker speed init 10000  limit ns times:1000000000,
2026-06-15 14:15:49.419714000 [WARN ] [ctrl   ] actor:file_1-picker 10000
2026-06-15 14:15:49.431242000 [INFO ] [ctrl   ] task controller hit max_line=5000 with total_count=6144
2026-06-15 14:15:49.431380000 [INFO ] [ctrl   ] file_1-picker reached processing limit (total_cnt=6144, line_max=Some(5000), max_count=Some(5000))
2026-06-15 14:15:49.431421000 [INFO ] [ctrl   ] Closing data source 'file_1'
2026-06-15 14:15:49.431438000 [INFO ] [ctrl   ] file_1-picker dispatch loop exited (max_line=Some(5000), total_pending=0 total_pending_bytes=0)
2026-06-15 14:15:49.431470000 [INFO ] [ctrl   ] 数据源 'file_1' picker 正常结束
2026-06-15 14:15:49.442286000 [INFO ] [ctrl   ] exit-policy Batch: enter quiescing (trigger=RoleFinished(Picker))
2026-06-15 14:15:49.536185000 [INFO ] [ctrl   ] data channel closed; parser loop exits
2026-06-15 14:15:49.536242000 [INFO ] [ctrl   ] engine proc frames end: total 3072
2026-06-15 14:15:49.536272000 [INFO ] [ctrl   ] actor(wparse-parse) work end
2026-06-15 14:15:49.537655000 [INFO ] [ctrl   ] data channel closed; parser loop exits
2026-06-15 14:15:49.537679000 [INFO ] [ctrl   ] engine proc frames end: total 3072
2026-06-15 14:15:49.537702000 [INFO ] [ctrl   ] actor(wparse-parse) work end
2026-06-15 14:15:49.539921000 [INFO ] [ctrl   ] exit-policy Batch: enter stopping (trigger=RoleFinished(Parser))
2026-06-15 14:15:49.539993000 [INFO ] [ctrl   ] picker broadcast cmd :Isolate
2026-06-15 14:15:49.540040000 [INFO ] [ctrl   ] wpl-parse broadcast cmd :Isolate
2026-06-15 14:15:49.540078000 [INFO ] [ctrl   ] amt broadcast cmd :Isolate
2026-06-15 14:15:49.540139000 [INFO ] [ctrl   ] oml-sink broadcast cmd :Isolate
2026-06-15 14:15:49.540186000 [INFO ] [ctrl   ] maintainer Recv cmd : Isolate
2026-06-15 14:15:49.540250000 [INFO ] [ctrl   ] infra broadcast cmd :Isolate
2026-06-15 14:15:49.540336000 [INFO ] [ctrl   ] work-sink:nginx_to_kafka       update cmd: CtrlCmd::Alone 
2026-06-15 14:15:49.540381000 [INFO ] [ctrl   ] monitor broadcast cmd :Isolate
2026-06-15 14:15:49.540416000 [INFO ] [ctrl   ] infra sinks  update cmd: CtrlCmd::Alone 
2026-06-15 14:15:49.540447000 [INFO ] [ctrl   ] monitor recv cmd: CtrlCmd::Alone
2026-06-15 14:15:49.540477000 [INFO ] [ctrl   ] monitor update cmd: CtrlCmd::Alone 
2026-06-15 14:15:49.540494000 [INFO ] [ctrl   ] picker broadcast cmd :Stop(Immediate) 
2026-06-15 14:15:49.540554000 [INFO ] [ctrl   ] picker group routines end
2026-06-15 14:15:49.540573000 [INFO ] [ctrl   ] role group Picker(picker) await end!
2026-06-15 14:15:49.540599000 [INFO ] [ctrl   ] wpl-parse broadcast cmd :Stop(Immediate) 
2026-06-15 14:15:49.540614000 [INFO ] [ctrl   ] wpl-parse group routines end
2026-06-15 14:15:49.540625000 [INFO ] [ctrl   ] role group Parser(wpl-parse) await end!
2026-06-15 14:15:49.540636000 [INFO ] [ctrl   ] amt broadcast cmd :Stop(Immediate) 
2026-06-15 14:15:49.540647000 [INFO ] [ctrl   ] amt group routines [0] wait... 
2026-06-15 14:15:49.569410000 [INFO ] [ctrl   ] work-sink:demo                 update cmd: CtrlCmd::Alone 
2026-06-15 14:15:49.577095000 [INFO ] [ctrl   ] maintainer Recv cmd : Stop(Immediate)
2026-06-15 14:15:49.577141000 [INFO ] [ctrl   ] routine cmd stop 
2026-06-15 14:15:49.577197000 [INFO ] [ctrl   ] amt group routines end
2026-06-15 14:15:49.577248000 [INFO ] [ctrl   ] role group Maintainer(amt) await end!
2026-06-15 14:15:49.577266000 [INFO ] [ctrl   ] oml-sink broadcast cmd :Stop(Immediate) 
2026-06-15 14:15:49.577292000 [INFO ] [ctrl   ] oml-sink group routines [0] wait... 
2026-06-15 14:15:49.577314000 [INFO ] [ctrl   ] work-sink:nginx_to_kafka       update cmd: CtrlCmd::Stop(StopNow) 
2026-06-15 14:15:49.577338000 [INFO ] [ctrl   ] routine cmd stop 
2026-06-15 14:15:49.577351000 [INFO ] [ctrl   ] nginx_to_kafka enter draining state
2026-06-15 14:15:49.577366000 [INFO ] [ctrl   ] nginx_to_kafka drain complete
2026-06-15 14:15:49.577477000 [INFO ] [ctrl   ] nginx_to_kafka async sinks proc end
2026-06-15 14:15:49.624068000 [INFO ] [ctrl   ] oml-sink group routines [1] wait... 
2026-06-15 14:15:49.629319000 [INFO ] [ctrl   ] work-sink:demo                 update cmd: CtrlCmd::Stop(StopNow) 
2026-06-15 14:15:49.629364000 [INFO ] [ctrl   ] routine cmd stop 
2026-06-15 14:15:49.629375000 [INFO ] [ctrl   ] demo enter draining state
2026-06-15 14:15:49.720614000 [INFO ] [ctrl   ] demo drain complete
2026-06-15 14:15:49.730164000 [INFO ] [ctrl   ] demo async sinks proc end
2026-06-15 14:15:49.730416000 [INFO ] [ctrl   ] oml-sink group routines end
2026-06-15 14:15:49.730447000 [INFO ] [ctrl   ] role group Sink(oml-sink) await end!
2026-06-15 14:15:49.730472000 [INFO ] [ctrl   ] infra broadcast cmd :Stop(Immediate) 
2026-06-15 14:15:49.730497000 [INFO ] [ctrl   ] infra group routines [0] wait... 
2026-06-15 14:15:49.730531000 [INFO ] [ctrl   ] infra sinks  update cmd: CtrlCmd::Stop(StopNow) 
2026-06-15 14:15:49.730559000 [INFO ] [ctrl   ] routine cmd stop 
2026-06-15 14:15:49.730573000 [INFO ] [ctrl   ] infra sinks enter draining state
2026-06-15 14:15:49.730602000 [INFO ] [ctrl   ] infra sinks drain complete
2026-06-15 14:15:49.735058000 [INFO ] [ctrl   ] infra:default async sinks proc end
2026-06-15 14:15:49.740157000 [INFO ] [ctrl   ] infra:miss async sinks proc end
2026-06-15 14:15:49.745085000 [INFO ] [ctrl   ] infra:residue async sinks proc end
2026-06-15 14:15:49.749095000 [INFO ] [ctrl   ] infra:monitor async sinks proc end
2026-06-15 14:15:49.753022000 [INFO ] [ctrl   ] infra:error async sinks proc end
2026-06-15 14:15:49.753195000 [INFO ] [ctrl   ] infra group routines end
2026-06-15 14:15:49.753225000 [INFO ] [ctrl   ] role group Infra(infra) await end!
2026-06-15 14:15:49.753242000 [INFO ] [ctrl   ] monitor broadcast cmd :Stop(Immediate) 
2026-06-15 14:15:49.753266000 [INFO ] [ctrl   ] monitor group routines [0] wait... 
2026-06-15 14:15:49.753285000 [INFO ] [ctrl   ] monitor recv cmd: CtrlCmd::Stop(StopNow)
2026-06-15 14:15:49.753304000 [INFO ] [ctrl   ] monitor update cmd: CtrlCmd::Stop(StopNow) 
2026-06-15 14:15:49.753318000 [INFO ] [ctrl   ] routine cmd stop 
2026-06-15 14:15:49.855299000 [INFO ] [ctrl   ] monitor proc end (total_events=35)
2026-06-15 14:15:49.856662000 [INFO ] [ctrl   ] monitor group routines end
2026-06-15 14:15:49.856697000 [INFO ] [ctrl   ] role group Monitor(monitor) await end!
2026-06-15 14:15:49.856713000 [INFO ] [ctrl   ] all role groups await end!
2026-06-15 14:17:00.998062000 [INFO ] [ctrl   ] log conf: level: warn,ctrl=info,data=error,matrc=error,dfx=warn,kdb=warn
output: File
path: Some("./data/logs/")
 
2026-06-15 14:17:00.998200000 [WARN ] [wp_core_connectors::registry] duplicate sink factory registration ignored: kind='blackhole' existing=/Users/zuowenjian/devspace/rust/wparse/wp-motor/src/sinks/builtin_factories.rs:9 new=/Users/zuowenjian/devspace/rust/wparse/wp-motor/src/sinks/builtin_factories.rs:9
2026-06-15 14:17:00.998223000 [WARN ] [wp_core_connectors::registry] duplicate sink factory registration ignored: kind='file' existing=/Users/zuowenjian/devspace/rust/wparse/wp-motor/src/sinks/builtin_factories.rs:10 new=/Users/zuowenjian/devspace/rust/wparse/wp-motor/src/sinks/builtin_factories.rs:10
2026-06-15 14:17:00.998243000 [WARN ] [wp_core_connectors::registry] duplicate sink factory registration ignored: kind='syslog' existing=/Users/zuowenjian/devspace/rust/wparse/wp-motor/src/sinks/builtin_factories.rs:11 new=/Users/zuowenjian/devspace/rust/wparse/wp-motor/src/sinks/builtin_factories.rs:11
2026-06-15 14:17:00.998262000 [WARN ] [wp_core_connectors::registry] duplicate sink factory registration ignored: kind='tcp' existing=/Users/zuowenjian/devspace/rust/wparse/wp-motor/src/sinks/builtin_factories.rs:12 new=/Users/zuowenjian/devspace/rust/wparse/wp-motor/src/sinks/builtin_factories.rs:12
2026-06-15 14:17:00.998278000 [WARN ] [wp_core_connectors::registry] duplicate sink factory registration ignored: kind='test_rescue' existing=/Users/zuowenjian/devspace/rust/wparse/wp-motor/src/sinks/builtin_factories.rs:13 new=/Users/zuowenjian/devspace/rust/wparse/wp-motor/src/sinks/builtin_factories.rs:13
2026-06-15 14:17:00.998294000 [WARN ] [wp_core_connectors::registry] duplicate source factory registration ignored: kind='syslog' existing=/Users/zuowenjian/.cargo/registry/src/index.crates.io-1949cf8c6b5b557f/wp-core-connectors-0.5.0/src/sources/syslog/mod.rs:48 new=/Users/zuowenjian/.cargo/registry/src/index.crates.io-1949cf8c6b5b557f/wp-core-connectors-0.5.0/src/sources/syslog/mod.rs:48
2026-06-15 14:17:00.998315000 [WARN ] [wp_core_connectors::registry] duplicate source factory registration ignored: kind='file' existing=/Users/zuowenjian/.cargo/registry/src/index.crates.io-1949cf8c6b5b557f/wp-core-connectors-0.5.0/src/sources/file/factory.rs:230 new=/Users/zuowenjian/.cargo/registry/src/index.crates.io-1949cf8c6b5b557f/wp-core-connectors-0.5.0/src/sources/file/factory.rs:230
2026-06-15 14:17:00.998386000 [INFO ] [ctrl   ] version 0.25.0 (branch alpha, commit 59ceed3e, built 2026-06-13T15:48:34.416602+08:00 via rustc 1.95.0 (59807616e 2026-04-14))
2026-06-15 14:17:00.998401000 [INFO ] [ctrl   ] enterprise control plane disabled (feature 'enterprise-backend' not enabled)
2026-06-15 14:17:00.998719000 [INFO ] [ctrl   ] build engine with run_mode=Batch, parallel=2, line_max=Some(5000)
2026-06-15 14:17:00.998964000 [INFO ] [ctrl   ] semantic dict: 语义词典配置有效: /Users/zuowenjian/devspace/rust/wfusion/warp-fusion/examples/wp-pipeline/kafka/wparse/models/knowledge/semantic_dict.toml | 模式: ADD（扩展内置词典） | 词汇数: 0
2026-06-15 14:17:00.999371000 [WARN ] [conf   ] vars not value : SEC_PWD
2026-06-15 14:17:01.002470000 [INFO ] [ctrl   ] suc! doing=load table to kdb: 
call context:
	table_dir : /Users/zuowenjian/devspace/rust/wfusion/warp-fusion/examples/wp-pipeline/kafka/wparse/models/knowledge/./example
	data_path : /Users/zuowenjian/devspace/rust/wfusion/warp-fusion/examples/wp-pipeline/kafka/wparse/models/knowledge/./example/data.csv

2026-06-15 14:17:01.002499000 [INFO ] [ctrl   ] load table /Users/zuowenjian/devspace/rust/wfusion/warp-fusion/examples/wp-pipeline/kafka/wparse/models/knowledge/. suc!
2026-06-15 14:17:01.002630000 [WARN ] [conf   ] vars not value : SEC_PWD
2026-06-15 14:17:01.002734000 [WARN ] [conf   ] vars not value : SEC_PWD
2026-06-15 14:17:01.003750000 [INFO ] [ctrl   ] suc! doing=load table to kdb: 
call context:
	table_dir : /Users/zuowenjian/devspace/rust/wfusion/warp-fusion/examples/wp-pipeline/kafka/wparse/models/knowledge/./example
	data_path : /Users/zuowenjian/devspace/rust/wfusion/warp-fusion/examples/wp-pipeline/kafka/wparse/models/knowledge/./example/data.csv

2026-06-15 14:17:01.003774000 [INFO ] [ctrl   ] load table /Users/zuowenjian/devspace/rust/wfusion/warp-fusion/examples/wp-pipeline/kafka/wparse/models/knowledge/. suc!
2026-06-15 14:17:01.003827000 [INFO ] [ctrl   ] init authority knowdb success(/Users/zuowenjian/devspace/rust/wfusion/warp-fusion/examples/wp-pipeline/kafka/wparse/models/knowledge/knowdb.toml) 
2026-06-15 14:17:01.006178000 [WARN ] [ctrl   ] doing=validate sink conf: 
call context:
	name : default/[0]
	kind : file
: validate suc!
2026-06-15 14:17:01.006201000 [INFO ] [ctrl   ] suc! doing=validate sink conf: 
call context:
	name : default/[0]
	kind : file

2026-06-15 14:17:01.006226000 [WARN ] [ctrl   ] doing=validate sink conf: 
call context:
	name : error/[0]
	kind : file
: validate suc!
2026-06-15 14:17:01.006239000 [INFO ] [ctrl   ] suc! doing=validate sink conf: 
call context:
	name : error/[0]
	kind : file

2026-06-15 14:17:01.006261000 [WARN ] [ctrl   ] doing=validate sink conf: 
call context:
	name : miss/[0]
	kind : file
: validate suc!
2026-06-15 14:17:01.006273000 [INFO ] [ctrl   ] suc! doing=validate sink conf: 
call context:
	name : miss/[0]
	kind : file

2026-06-15 14:17:01.006292000 [WARN ] [ctrl   ] doing=validate sink conf: 
call context:
	name : monitor/[0]
	kind : file
: validate suc!
2026-06-15 14:17:01.006304000 [INFO ] [ctrl   ] suc! doing=validate sink conf: 
call context:
	name : monitor/[0]
	kind : file

2026-06-15 14:17:01.006322000 [WARN ] [ctrl   ] doing=validate sink conf: 
call context:
	name : residue/[0]
	kind : file
: validate suc!
2026-06-15 14:17:01.006334000 [INFO ] [ctrl   ] suc! doing=validate sink conf: 
call context:
	name : residue/[0]
	kind : file

2026-06-15 14:17:01.006641000 [INFO ] [ctrl   ] create sink:default/[0] batch_size=128
2026-06-15 14:17:01.006740000 [INFO ] [ctrl   ] create sink:residue/[0] batch_size=1
2026-06-15 14:17:01.006821000 [INFO ] [ctrl   ] create sink:miss/[0] batch_size=1
2026-06-15 14:17:01.006899000 [INFO ] [ctrl   ] create sink:error/[0] batch_size=1
2026-06-15 14:17:01.006981000 [INFO ] [ctrl   ] create sink:monitor/[0] batch_size=1
2026-06-15 14:17:01.008036000 [INFO ] [ctrl   ] load all wpl code beg...
2026-06-15 14:17:01.008069000 [INFO ] [ctrl   ] find conf files in: /Users/zuowenjian/devspace/rust/wfusion/warp-fusion/examples/wp-pipeline/kafka/wparse/models/wpl
2026-06-15 14:17:01.008215000 [INFO ] [ctrl   ] load conf file: "/Users/zuowenjian/devspace/rust/wfusion/warp-fusion/examples/wp-pipeline/kafka/wparse/models/wpl/parse.wpl"
2026-06-15 14:17:01.008391000 [INFO ] [ctrl   ] success load & parse code : "/Users/zuowenjian/devspace/rust/wfusion/warp-fusion/examples/wp-pipeline/kafka/wparse/models/wpl/parse.wpl"
2026-06-15 14:17:01.008415000 [INFO ] [ctrl   ] load all wpl code end
2026-06-15 14:17:01.008431000 [INFO ] [ctrl   ] load all oml model
2026-06-15 14:17:01.008443000 [INFO ] [ctrl   ] find conf files in: /Users/zuowenjian/devspace/rust/wfusion/warp-fusion/examples/wp-pipeline/kafka/wparse/models/oml
2026-06-15 14:17:01.008544000 [INFO ] [ctrl   ] load conf file: "/Users/zuowenjian/devspace/rust/wfusion/warp-fusion/examples/wp-pipeline/kafka/wparse/models/oml/example.oml"
2026-06-15 14:17:01.010479000 [WARN ] [ctrl   ] doing=validate sink conf: 
call context:
	name : demo/json
	kind : file
: validate suc!
2026-06-15 14:17:01.010502000 [INFO ] [ctrl   ] suc! doing=validate sink conf: 
call context:
	name : demo/json
	kind : file

2026-06-15 14:17:01.010532000 [WARN ] [ctrl   ] doing=validate sink conf: 
call context:
	name : nginx_to_kafka/kafka_output
	kind : kafka
: validate suc!
2026-06-15 14:17:01.010544000 [INFO ] [ctrl   ] suc! doing=validate sink conf: 
call context:
	name : nginx_to_kafka/kafka_output
	kind : kafka

2026-06-15 14:17:01.010627000 [INFO ] [ctrl   ] update_sink_mdl_index, match oml nginx
2026-06-15 14:17:01.010646000 [INFO ] [ctrl   ] update_sink_mdl_index, match oml nginx
2026-06-15 14:17:01.010682000 [INFO ] [ctrl   ] init SinkGroup: demo
2026-06-15 14:17:01.010694000 [INFO ] [ctrl   ] alloc sink res : sink demo 
2026-06-15 14:17:01.010803000 [INFO ] [ctrl   ] create sink:demo/json batch_size=1024
2026-06-15 14:17:01.010822000 [INFO ] [ctrl   ] init SinkGroup: nginx_to_kafka
2026-06-15 14:17:01.010834000 [INFO ] [ctrl   ] alloc sink res : sink nginx_to_kafka 
2026-06-15 14:17:01.010844000 [INFO ] [ctrl   ] alloc sink res : sink nginx_to_kafka oml model: nginx
2026-06-15 14:17:01.017398000 [WARN ] [rdkafka_wrap::wrap_ext] create kafka topic wp_nginx_logs: topic already exists
2026-06-15 14:17:01.017553000 [INFO ] [ctrl   ] create sink:nginx_to_kafka/kafka_output batch_size=1024
2026-06-15 14:17:01.017678000 [INFO ] [ctrl   ] alloc parse res : wpl rule /nginx//example  
2026-06-15 14:17:01.017702000 [INFO ] [ctrl   ] alloc parse res : rule /nginx//example  sink agent: demo
2026-06-15 14:17:01.017976000 [INFO ] [ctrl   ] save data file suc : /Users/zuowenjian/devspace/rust/wfusion/warp-fusion/examples/wp-pipeline/kafka/wparse/.run/rule_mapping.dat 
2026-06-15 14:17:01.018047000 [INFO ] [ctrl   ] start warp-service: run_mode=batch, parallel=2, line_max=Some(5000), reload_timeout_ms=10000
2026-06-15 14:17:01.018061000 [INFO ] [ctrl   ] semantic analysis: disabled
2026-06-15 14:17:01.018109000 [INFO ] [ctrl   ] 数据源配置统计: V2源=1个, 接受器(来自V2)=0个
2026-06-15 14:17:01.018146000 [INFO ] [ctrl   ] run-mode=batch: 跳过启动接受器任务
2026-06-15 14:17:01.018163000 [INFO ] [ctrl   ] monitor proc start: stat_sec=60, stat_print=true
2026-06-15 14:17:01.018295000 [INFO ] [ctrl   ] start 2 parallel to parse (frames)
2026-06-15 14:17:01.018334000 [INFO ] [ctrl   ] speed: unlimited (no wait)
2026-06-15 14:17:01.018346000 [INFO ] [ctrl   ] monitor loop started (stat_sec=60, stat_print=true)
2026-06-15 14:17:01.018399000 [INFO ] [ctrl   ] actor(wparse-parse) work start
2026-06-15 14:17:01.018491000 [INFO ] [ctrl   ] spawn tokio Sink Group nginx_to_kafka batch_size=1024 batch_timeout_ms=300
2026-06-15 14:17:01.018589000 [INFO ] [ctrl   ] spawn tokio Sink Group demo batch_size=1024 batch_timeout_ms=300
2026-06-15 14:17:01.018681000 [INFO ] [ctrl   ] speed: unlimited (no wait)
2026-06-15 14:17:01.018698000 [INFO ] [ctrl   ] speed: unlimited (no wait)
2026-06-15 14:17:01.018716000 [INFO ] [ctrl   ] actor(wparse-parse) work start
2026-06-15 14:17:01.018795000 [INFO ] [ctrl   ] speed: unlimited (no wait)
2026-06-15 14:17:01.018818000 [WARN ] [ctrl   ] parse engine pipelin cnt: 1
2026-06-15 14:17:01.018838000 [INFO ] [ctrl   ] speed: unlimited (no wait)
2026-06-15 14:17:01.018936000 [WARN ] [ctrl   ] parse engine pipelin cnt: 1
2026-06-15 14:17:01.018957000 [INFO ] [ctrl   ] speed: unlimited (no wait)
2026-06-15 14:17:01.019024000 [INFO ] [ctrl   ] speed: unlimited (no wait)
2026-06-15 14:17:01.120875000 [INFO ] [ctrl   ] 启动数据收集(Frame)： 1个数据源
2026-06-15 14:17:01.120948000 [INFO ] [ctrl   ] spawning picker for source 'file_1' (line_max=Some(5000), speed_limit=10000)
2026-06-15 14:17:01.120987000 [WARN ] [ctrl   ] engine started!
2026-06-15 14:17:01.121009000 [INFO ] [ctrl   ] 启动数据源 picker(Frame): file_1
2026-06-15 14:17:01.121035000 [INFO ] [ctrl   ] Starting data source 'file_1'
2026-06-15 14:17:01.121078000 [INFO ] [ctrl   ] Data source 'file_1' started (speed_limit=Some(10000), max_count=Some(5000))
2026-06-15 14:17:01.121109000 [INFO ] [ctrl   ] file_1-picker speed init 10000  limit ns times:1000000000,
2026-06-15 14:17:01.121121000 [WARN ] [ctrl   ] actor:file_1-picker 10000
2026-06-15 14:17:01.131668000 [INFO ] [ctrl   ] task controller hit max_line=5000 with total_count=6144
2026-06-15 14:17:01.131726000 [INFO ] [ctrl   ] file_1-picker reached processing limit (total_cnt=6144, line_max=Some(5000), max_count=Some(5000))
2026-06-15 14:17:01.131765000 [INFO ] [ctrl   ] Closing data source 'file_1'
2026-06-15 14:17:01.131781000 [INFO ] [ctrl   ] file_1-picker dispatch loop exited (max_line=Some(5000), total_pending=0 total_pending_bytes=0)
2026-06-15 14:17:01.131814000 [INFO ] [ctrl   ] 数据源 'file_1' picker 正常结束
2026-06-15 14:17:01.143625000 [INFO ] [ctrl   ] exit-policy Batch: enter quiescing (trigger=RoleFinished(Picker))
2026-06-15 14:17:01.235565000 [INFO ] [ctrl   ] data channel closed; parser loop exits
2026-06-15 14:17:01.235633000 [INFO ] [ctrl   ] engine proc frames end: total 3072
2026-06-15 14:17:01.235663000 [INFO ] [ctrl   ] actor(wparse-parse) work end
2026-06-15 14:17:01.235909000 [INFO ] [ctrl   ] data channel closed; parser loop exits
2026-06-15 14:17:01.235931000 [INFO ] [ctrl   ] engine proc frames end: total 3072
2026-06-15 14:17:01.235955000 [INFO ] [ctrl   ] actor(wparse-parse) work end
2026-06-15 14:17:01.239436000 [INFO ] [ctrl   ] exit-policy Batch: enter stopping (trigger=RoleFinished(Parser))
2026-06-15 14:17:01.239501000 [INFO ] [ctrl   ] picker broadcast cmd :Isolate
2026-06-15 14:17:01.239534000 [INFO ] [ctrl   ] wpl-parse broadcast cmd :Isolate
2026-06-15 14:17:01.239557000 [INFO ] [ctrl   ] amt broadcast cmd :Isolate
2026-06-15 14:17:01.239574000 [INFO ] [ctrl   ] oml-sink broadcast cmd :Isolate
2026-06-15 14:17:01.239590000 [INFO ] [ctrl   ] maintainer Recv cmd : Isolate
2026-06-15 14:17:01.239627000 [INFO ] [ctrl   ] infra broadcast cmd :Isolate
2026-06-15 14:17:01.239664000 [INFO ] [ctrl   ] work-sink:nginx_to_kafka       update cmd: CtrlCmd::Alone 
2026-06-15 14:17:01.239701000 [INFO ] [ctrl   ] monitor broadcast cmd :Isolate
2026-06-15 14:17:01.239724000 [INFO ] [ctrl   ] infra sinks  update cmd: CtrlCmd::Alone 
2026-06-15 14:17:01.239751000 [INFO ] [ctrl   ] picker broadcast cmd :Stop(Immediate) 
2026-06-15 14:17:01.239770000 [INFO ] [ctrl   ] monitor recv cmd: CtrlCmd::Alone
2026-06-15 14:17:01.239790000 [INFO ] [ctrl   ] monitor update cmd: CtrlCmd::Alone 
2026-06-15 14:17:01.239811000 [INFO ] [ctrl   ] picker group routines end
2026-06-15 14:17:01.239838000 [INFO ] [ctrl   ] role group Picker(picker) await end!
2026-06-15 14:17:01.239852000 [INFO ] [ctrl   ] wpl-parse broadcast cmd :Stop(Immediate) 
2026-06-15 14:17:01.239871000 [INFO ] [ctrl   ] wpl-parse group routines end
2026-06-15 14:17:01.239882000 [INFO ] [ctrl   ] role group Parser(wpl-parse) await end!
2026-06-15 14:17:01.239893000 [INFO ] [ctrl   ] amt broadcast cmd :Stop(Immediate) 
2026-06-15 14:17:01.239904000 [INFO ] [ctrl   ] amt group routines [0] wait... 
2026-06-15 14:17:01.263623000 [INFO ] [ctrl   ] work-sink:demo                 update cmd: CtrlCmd::Alone 
2026-06-15 14:17:01.274355000 [INFO ] [ctrl   ] maintainer Recv cmd : Stop(Immediate)
2026-06-15 14:17:01.274412000 [INFO ] [ctrl   ] routine cmd stop 
2026-06-15 14:17:01.274465000 [INFO ] [ctrl   ] amt group routines end
2026-06-15 14:17:01.274486000 [INFO ] [ctrl   ] role group Maintainer(amt) await end!
2026-06-15 14:17:01.274504000 [INFO ] [ctrl   ] oml-sink broadcast cmd :Stop(Immediate) 
2026-06-15 14:17:01.274531000 [INFO ] [ctrl   ] oml-sink group routines [0] wait... 
2026-06-15 14:17:01.274547000 [INFO ] [ctrl   ] work-sink:nginx_to_kafka       update cmd: CtrlCmd::Stop(StopNow) 
2026-06-15 14:17:01.274564000 [INFO ] [ctrl   ] routine cmd stop 
2026-06-15 14:17:01.274574000 [INFO ] [ctrl   ] nginx_to_kafka enter draining state
2026-06-15 14:17:01.274588000 [INFO ] [ctrl   ] nginx_to_kafka drain complete
2026-06-15 14:17:01.274655000 [INFO ] [ctrl   ] nginx_to_kafka async sinks proc end
2026-06-15 14:17:01.294057000 [INFO ] [ctrl   ] work-sink:demo                 update cmd: CtrlCmd::Stop(StopNow) 
2026-06-15 14:17:01.294112000 [INFO ] [ctrl   ] routine cmd stop 
2026-06-15 14:17:01.294125000 [INFO ] [ctrl   ] demo enter draining state
2026-06-15 14:17:01.332254000 [INFO ] [ctrl   ] oml-sink group routines [1] wait... 
2026-06-15 14:17:01.354584000 [INFO ] [ctrl   ] demo drain complete
2026-06-15 14:17:01.363505000 [INFO ] [ctrl   ] demo async sinks proc end
2026-06-15 14:17:01.363663000 [INFO ] [ctrl   ] oml-sink group routines end
2026-06-15 14:17:01.363686000 [INFO ] [ctrl   ] role group Sink(oml-sink) await end!
2026-06-15 14:17:01.363701000 [INFO ] [ctrl   ] infra broadcast cmd :Stop(Immediate) 
2026-06-15 14:17:01.363733000 [INFO ] [ctrl   ] infra group routines [0] wait... 
2026-06-15 14:17:01.363755000 [INFO ] [ctrl   ] infra sinks  update cmd: CtrlCmd::Stop(StopNow) 
2026-06-15 14:17:01.363780000 [INFO ] [ctrl   ] routine cmd stop 
2026-06-15 14:17:01.363795000 [INFO ] [ctrl   ] infra sinks enter draining state
2026-06-15 14:17:01.363815000 [INFO ] [ctrl   ] infra sinks drain complete
2026-06-15 14:17:01.367606000 [INFO ] [ctrl   ] infra:default async sinks proc end
2026-06-15 14:17:01.372608000 [INFO ] [ctrl   ] infra:miss async sinks proc end
2026-06-15 14:17:01.377603000 [INFO ] [ctrl   ] infra:residue async sinks proc end
2026-06-15 14:17:01.381646000 [INFO ] [ctrl   ] infra:monitor async sinks proc end
2026-06-15 14:17:01.385572000 [INFO ] [ctrl   ] infra:error async sinks proc end
2026-06-15 14:17:01.385710000 [INFO ] [ctrl   ] infra group routines end
2026-06-15 14:17:01.385734000 [INFO ] [ctrl   ] role group Infra(infra) await end!
2026-06-15 14:17:01.385754000 [INFO ] [ctrl   ] monitor broadcast cmd :Stop(Immediate) 
2026-06-15 14:17:01.385777000 [INFO ] [ctrl   ] monitor group routines [0] wait... 
2026-06-15 14:17:01.385793000 [INFO ] [ctrl   ] monitor recv cmd: CtrlCmd::Stop(StopNow)
2026-06-15 14:17:01.385814000 [INFO ] [ctrl   ] monitor update cmd: CtrlCmd::Stop(StopNow) 
2026-06-15 14:17:01.385827000 [INFO ] [ctrl   ] routine cmd stop 
2026-06-15 14:17:01.487622000 [INFO ] [ctrl   ] monitor proc end (total_events=30)
2026-06-15 14:17:01.489032000 [INFO ] [ctrl   ] monitor group routines end
2026-06-15 14:17:01.489068000 [INFO ] [ctrl   ] role group Monitor(monitor) await end!
2026-06-15 14:17:01.489080000 [INFO ] [ctrl   ] all role groups await end!
2026-06-15 14:32:28.370028000 [INFO ] [ctrl   ] log conf: level: warn,ctrl=info,data=error,matrc=error,dfx=warn,kdb=warn
output: File
path: Some("./data/logs/")
 
2026-06-15 14:32:28.370185000 [WARN ] [wp_core_connectors::registry] duplicate sink factory registration ignored: kind='blackhole' existing=/Users/zuowenjian/devspace/rust/wparse/wp-motor/src/sinks/builtin_factories.rs:9 new=/Users/zuowenjian/devspace/rust/wparse/wp-motor/src/sinks/builtin_factories.rs:9
2026-06-15 14:32:28.370209000 [WARN ] [wp_core_connectors::registry] duplicate sink factory registration ignored: kind='file' existing=/Users/zuowenjian/devspace/rust/wparse/wp-motor/src/sinks/builtin_factories.rs:10 new=/Users/zuowenjian/devspace/rust/wparse/wp-motor/src/sinks/builtin_factories.rs:10
2026-06-15 14:32:28.370242000 [WARN ] [wp_core_connectors::registry] duplicate sink factory registration ignored: kind='syslog' existing=/Users/zuowenjian/devspace/rust/wparse/wp-motor/src/sinks/builtin_factories.rs:11 new=/Users/zuowenjian/devspace/rust/wparse/wp-motor/src/sinks/builtin_factories.rs:11
2026-06-15 14:32:28.370263000 [WARN ] [wp_core_connectors::registry] duplicate sink factory registration ignored: kind='tcp' existing=/Users/zuowenjian/devspace/rust/wparse/wp-motor/src/sinks/builtin_factories.rs:12 new=/Users/zuowenjian/devspace/rust/wparse/wp-motor/src/sinks/builtin_factories.rs:12
2026-06-15 14:32:28.370278000 [WARN ] [wp_core_connectors::registry] duplicate sink factory registration ignored: kind='test_rescue' existing=/Users/zuowenjian/devspace/rust/wparse/wp-motor/src/sinks/builtin_factories.rs:13 new=/Users/zuowenjian/devspace/rust/wparse/wp-motor/src/sinks/builtin_factories.rs:13
2026-06-15 14:32:28.370294000 [WARN ] [wp_core_connectors::registry] duplicate source factory registration ignored: kind='syslog' existing=/Users/zuowenjian/.cargo/registry/src/index.crates.io-1949cf8c6b5b557f/wp-core-connectors-0.5.0/src/sources/syslog/mod.rs:48 new=/Users/zuowenjian/.cargo/registry/src/index.crates.io-1949cf8c6b5b557f/wp-core-connectors-0.5.0/src/sources/syslog/mod.rs:48
2026-06-15 14:32:28.370315000 [WARN ] [wp_core_connectors::registry] duplicate source factory registration ignored: kind='file' existing=/Users/zuowenjian/.cargo/registry/src/index.crates.io-1949cf8c6b5b557f/wp-core-connectors-0.5.0/src/sources/file/factory.rs:230 new=/Users/zuowenjian/.cargo/registry/src/index.crates.io-1949cf8c6b5b557f/wp-core-connectors-0.5.0/src/sources/file/factory.rs:230
2026-06-15 14:32:28.370381000 [INFO ] [ctrl   ] version 0.25.0 (branch alpha, commit 59ceed3e, built 2026-06-13T15:48:34.416602+08:00 via rustc 1.95.0 (59807616e 2026-04-14))
2026-06-15 14:32:28.370397000 [INFO ] [ctrl   ] enterprise control plane disabled (feature 'enterprise-backend' not enabled)
2026-06-15 14:32:28.370739000 [INFO ] [ctrl   ] build engine with run_mode=Batch, parallel=2, line_max=Some(5000)
2026-06-15 14:32:28.370938000 [INFO ] [ctrl   ] semantic dict: 语义词典配置有效: /Users/zuowenjian/devspace/rust/wfusion/warp-fusion/examples/wp-pipeline/kafka/wparse/models/knowledge/semantic_dict.toml | 模式: ADD（扩展内置词典） | 词汇数: 0
2026-06-15 14:32:28.371422000 [WARN ] [conf   ] vars not value : SEC_PWD
2026-06-15 14:32:28.374421000 [INFO ] [ctrl   ] suc! doing=load table to kdb: 
call context:
	table_dir : /Users/zuowenjian/devspace/rust/wfusion/warp-fusion/examples/wp-pipeline/kafka/wparse/models/knowledge/./example
	data_path : /Users/zuowenjian/devspace/rust/wfusion/warp-fusion/examples/wp-pipeline/kafka/wparse/models/knowledge/./example/data.csv

2026-06-15 14:32:28.374453000 [INFO ] [ctrl   ] load table /Users/zuowenjian/devspace/rust/wfusion/warp-fusion/examples/wp-pipeline/kafka/wparse/models/knowledge/. suc!
2026-06-15 14:32:28.374640000 [WARN ] [conf   ] vars not value : SEC_PWD
2026-06-15 14:32:28.374757000 [WARN ] [conf   ] vars not value : SEC_PWD
2026-06-15 14:32:28.376251000 [INFO ] [ctrl   ] suc! doing=load table to kdb: 
call context:
	table_dir : /Users/zuowenjian/devspace/rust/wfusion/warp-fusion/examples/wp-pipeline/kafka/wparse/models/knowledge/./example
	data_path : /Users/zuowenjian/devspace/rust/wfusion/warp-fusion/examples/wp-pipeline/kafka/wparse/models/knowledge/./example/data.csv

2026-06-15 14:32:28.376282000 [INFO ] [ctrl   ] load table /Users/zuowenjian/devspace/rust/wfusion/warp-fusion/examples/wp-pipeline/kafka/wparse/models/knowledge/. suc!
2026-06-15 14:32:28.376336000 [INFO ] [ctrl   ] init authority knowdb success(/Users/zuowenjian/devspace/rust/wfusion/warp-fusion/examples/wp-pipeline/kafka/wparse/models/knowledge/knowdb.toml) 
2026-06-15 14:32:28.378725000 [WARN ] [ctrl   ] doing=validate sink conf: 
call context:
	name : default/[0]
	kind : file
: validate suc!
2026-06-15 14:32:28.378751000 [INFO ] [ctrl   ] suc! doing=validate sink conf: 
call context:
	name : default/[0]
	kind : file

2026-06-15 14:32:28.378783000 [WARN ] [ctrl   ] doing=validate sink conf: 
call context:
	name : error/[0]
	kind : file
: validate suc!
2026-06-15 14:32:28.378796000 [INFO ] [ctrl   ] suc! doing=validate sink conf: 
call context:
	name : error/[0]
	kind : file

2026-06-15 14:32:28.378818000 [WARN ] [ctrl   ] doing=validate sink conf: 
call context:
	name : miss/[0]
	kind : file
: validate suc!
2026-06-15 14:32:28.378830000 [INFO ] [ctrl   ] suc! doing=validate sink conf: 
call context:
	name : miss/[0]
	kind : file

2026-06-15 14:32:28.378849000 [WARN ] [ctrl   ] doing=validate sink conf: 
call context:
	name : monitor/[0]
	kind : file
: validate suc!
2026-06-15 14:32:28.378861000 [INFO ] [ctrl   ] suc! doing=validate sink conf: 
call context:
	name : monitor/[0]
	kind : file

2026-06-15 14:32:28.378878000 [WARN ] [ctrl   ] doing=validate sink conf: 
call context:
	name : residue/[0]
	kind : file
: validate suc!
2026-06-15 14:32:28.378890000 [INFO ] [ctrl   ] suc! doing=validate sink conf: 
call context:
	name : residue/[0]
	kind : file

2026-06-15 14:32:28.379243000 [INFO ] [ctrl   ] create sink:default/[0] batch_size=128
2026-06-15 14:32:28.379348000 [INFO ] [ctrl   ] create sink:residue/[0] batch_size=1
2026-06-15 14:32:28.379444000 [INFO ] [ctrl   ] create sink:miss/[0] batch_size=1
2026-06-15 14:32:28.379527000 [INFO ] [ctrl   ] create sink:error/[0] batch_size=1
2026-06-15 14:32:28.379609000 [INFO ] [ctrl   ] create sink:monitor/[0] batch_size=1
2026-06-15 14:32:28.380619000 [INFO ] [ctrl   ] load all wpl code beg...
2026-06-15 14:32:28.380646000 [INFO ] [ctrl   ] find conf files in: /Users/zuowenjian/devspace/rust/wfusion/warp-fusion/examples/wp-pipeline/kafka/wparse/models/wpl
2026-06-15 14:32:28.380771000 [INFO ] [ctrl   ] load conf file: "/Users/zuowenjian/devspace/rust/wfusion/warp-fusion/examples/wp-pipeline/kafka/wparse/models/wpl/parse.wpl"
2026-06-15 14:32:28.380955000 [INFO ] [ctrl   ] success load & parse code : "/Users/zuowenjian/devspace/rust/wfusion/warp-fusion/examples/wp-pipeline/kafka/wparse/models/wpl/parse.wpl"
2026-06-15 14:32:28.380976000 [INFO ] [ctrl   ] load all wpl code end
2026-06-15 14:32:28.380991000 [INFO ] [ctrl   ] load all oml model
2026-06-15 14:32:28.381002000 [INFO ] [ctrl   ] find conf files in: /Users/zuowenjian/devspace/rust/wfusion/warp-fusion/examples/wp-pipeline/kafka/wparse/models/oml
2026-06-15 14:32:28.381105000 [INFO ] [ctrl   ] load conf file: "/Users/zuowenjian/devspace/rust/wfusion/warp-fusion/examples/wp-pipeline/kafka/wparse/models/oml/example.oml"
2026-06-15 14:32:28.382979000 [WARN ] [ctrl   ] doing=validate sink conf: 
call context:
	name : demo/json
	kind : file
: validate suc!
2026-06-15 14:32:28.383004000 [INFO ] [ctrl   ] suc! doing=validate sink conf: 
call context:
	name : demo/json
	kind : file

2026-06-15 14:32:28.383037000 [WARN ] [ctrl   ] doing=validate sink conf: 
call context:
	name : nginx_to_kafka/kafka_output
	kind : kafka
: validate suc!
2026-06-15 14:32:28.383049000 [INFO ] [ctrl   ] suc! doing=validate sink conf: 
call context:
	name : nginx_to_kafka/kafka_output
	kind : kafka

2026-06-15 14:32:28.383136000 [INFO ] [ctrl   ] update_sink_mdl_index, match oml nginx
2026-06-15 14:32:28.383155000 [INFO ] [ctrl   ] update_sink_mdl_index, match oml nginx
2026-06-15 14:32:28.383193000 [INFO ] [ctrl   ] init SinkGroup: demo
2026-06-15 14:32:28.383208000 [INFO ] [ctrl   ] alloc sink res : sink demo 
2026-06-15 14:32:28.383332000 [INFO ] [ctrl   ] create sink:demo/json batch_size=1024
2026-06-15 14:32:28.383413000 [INFO ] [ctrl   ] init SinkGroup: nginx_to_kafka
2026-06-15 14:32:28.383443000 [INFO ] [ctrl   ] alloc sink res : sink nginx_to_kafka 
2026-06-15 14:32:28.383458000 [INFO ] [ctrl   ] alloc sink res : sink nginx_to_kafka oml model: nginx
2026-06-15 14:32:28.390519000 [WARN ] [rdkafka_wrap::wrap_ext] create kafka topic wp_nginx_logs: topic already exists
2026-06-15 14:32:28.390656000 [INFO ] [ctrl   ] create sink:nginx_to_kafka/kafka_output batch_size=1024
2026-06-15 14:32:28.390783000 [INFO ] [ctrl   ] alloc parse res : wpl rule /nginx//example  
2026-06-15 14:32:28.390804000 [INFO ] [ctrl   ] alloc parse res : rule /nginx//example  sink agent: demo
2026-06-15 14:32:28.391083000 [INFO ] [ctrl   ] save data file suc : /Users/zuowenjian/devspace/rust/wfusion/warp-fusion/examples/wp-pipeline/kafka/wparse/.run/rule_mapping.dat 
2026-06-15 14:32:28.391153000 [INFO ] [ctrl   ] start warp-service: run_mode=batch, parallel=2, line_max=Some(5000), reload_timeout_ms=10000
2026-06-15 14:32:28.391169000 [INFO ] [ctrl   ] semantic analysis: disabled
2026-06-15 14:32:28.391220000 [INFO ] [ctrl   ] 数据源配置统计: V2源=1个, 接受器(来自V2)=0个
2026-06-15 14:32:28.391259000 [INFO ] [ctrl   ] run-mode=batch: 跳过启动接受器任务
2026-06-15 14:32:28.391278000 [INFO ] [ctrl   ] monitor proc start: stat_sec=60, stat_print=true
2026-06-15 14:32:28.391523000 [INFO ] [ctrl   ] start 2 parallel to parse (frames)
2026-06-15 14:32:28.391576000 [INFO ] [ctrl   ] speed: unlimited (no wait)
2026-06-15 14:32:28.391593000 [INFO ] [ctrl   ] monitor loop started (stat_sec=60, stat_print=true)
2026-06-15 14:32:28.391639000 [INFO ] [ctrl   ] actor(wparse-parse) work start
2026-06-15 14:32:28.391748000 [INFO ] [ctrl   ] speed: unlimited (no wait)
2026-06-15 14:32:28.391767000 [WARN ] [ctrl   ] parse engine pipelin cnt: 1
2026-06-15 14:32:28.391784000 [INFO ] [ctrl   ] speed: unlimited (no wait)
2026-06-15 14:32:28.391876000 [INFO ] [ctrl   ] speed: unlimited (no wait)
2026-06-15 14:32:28.391999000 [INFO ] [ctrl   ] spawn tokio Sink Group nginx_to_kafka batch_size=1024 batch_timeout_ms=300
2026-06-15 14:32:28.392079000 [INFO ] [ctrl   ] speed: unlimited (no wait)
2026-06-15 14:32:28.392096000 [INFO ] [ctrl   ] spawn tokio Sink Group demo batch_size=1024 batch_timeout_ms=300
2026-06-15 14:32:28.392195000 [INFO ] [ctrl   ] actor(wparse-parse) work start
2026-06-15 14:32:28.392262000 [INFO ] [ctrl   ] speed: unlimited (no wait)
2026-06-15 14:32:28.392276000 [WARN ] [ctrl   ] parse engine pipelin cnt: 1
2026-06-15 14:32:28.392292000 [INFO ] [ctrl   ] speed: unlimited (no wait)
2026-06-15 14:32:28.493544000 [INFO ] [ctrl   ] 启动数据收集(Frame)： 1个数据源
2026-06-15 14:32:28.493623000 [INFO ] [ctrl   ] spawning picker for source 'file_1' (line_max=Some(5000), speed_limit=10000)
2026-06-15 14:32:28.493659000 [WARN ] [ctrl   ] engine started!
2026-06-15 14:32:28.493681000 [INFO ] [ctrl   ] 启动数据源 picker(Frame): file_1
2026-06-15 14:32:28.493730000 [INFO ] [ctrl   ] Starting data source 'file_1'
2026-06-15 14:32:28.493798000 [INFO ] [ctrl   ] Data source 'file_1' started (speed_limit=Some(10000), max_count=Some(5000))
2026-06-15 14:32:28.493845000 [INFO ] [ctrl   ] file_1-picker speed init 10000  limit ns times:1000000000,
2026-06-15 14:32:28.493861000 [WARN ] [ctrl   ] actor:file_1-picker 10000
2026-06-15 14:32:28.504845000 [INFO ] [ctrl   ] task controller hit max_line=5000 with total_count=6144
2026-06-15 14:32:28.504900000 [INFO ] [ctrl   ] file_1-picker reached processing limit (total_cnt=6144, line_max=Some(5000), max_count=Some(5000))
2026-06-15 14:32:28.504936000 [INFO ] [ctrl   ] Closing data source 'file_1'
2026-06-15 14:32:28.504949000 [INFO ] [ctrl   ] file_1-picker dispatch loop exited (max_line=Some(5000), total_pending=0 total_pending_bytes=0)
2026-06-15 14:32:28.504976000 [INFO ] [ctrl   ] 数据源 'file_1' picker 正常结束
2026-06-15 14:32:28.515999000 [INFO ] [ctrl   ] exit-policy Batch: enter quiescing (trigger=RoleFinished(Picker))
2026-06-15 14:32:28.606642000 [INFO ] [ctrl   ] data channel closed; parser loop exits
2026-06-15 14:32:28.606699000 [INFO ] [ctrl   ] engine proc frames end: total 3072
2026-06-15 14:32:28.606724000 [INFO ] [ctrl   ] actor(wparse-parse) work end
2026-06-15 14:32:28.606820000 [INFO ] [ctrl   ] data channel closed; parser loop exits
2026-06-15 14:32:28.606842000 [INFO ] [ctrl   ] engine proc frames end: total 3072
2026-06-15 14:32:28.606864000 [INFO ] [ctrl   ] actor(wparse-parse) work end
2026-06-15 14:32:28.610757000 [INFO ] [ctrl   ] exit-policy Batch: enter stopping (trigger=RoleFinished(Parser))
2026-06-15 14:32:28.610827000 [INFO ] [ctrl   ] picker broadcast cmd :Isolate
2026-06-15 14:32:28.610855000 [INFO ] [ctrl   ] wpl-parse broadcast cmd :Isolate
2026-06-15 14:32:28.610873000 [INFO ] [ctrl   ] amt broadcast cmd :Isolate
2026-06-15 14:32:28.610896000 [INFO ] [ctrl   ] oml-sink broadcast cmd :Isolate
2026-06-15 14:32:28.610915000 [INFO ] [ctrl   ] maintainer Recv cmd : Isolate
2026-06-15 14:32:28.610950000 [INFO ] [ctrl   ] work-sink:nginx_to_kafka       update cmd: CtrlCmd::Alone 
2026-06-15 14:32:28.610996000 [INFO ] [ctrl   ] infra broadcast cmd :Isolate
2026-06-15 14:32:28.611034000 [INFO ] [ctrl   ] monitor broadcast cmd :Isolate
2026-06-15 14:32:28.611057000 [INFO ] [ctrl   ] infra sinks  update cmd: CtrlCmd::Alone 
2026-06-15 14:32:28.611083000 [INFO ] [ctrl   ] picker broadcast cmd :Stop(Immediate) 
2026-06-15 14:32:28.611117000 [INFO ] [ctrl   ] monitor recv cmd: CtrlCmd::Alone
2026-06-15 14:32:28.611138000 [INFO ] [ctrl   ] monitor update cmd: CtrlCmd::Alone 
2026-06-15 14:32:28.611156000 [INFO ] [ctrl   ] picker group routines end
2026-06-15 14:32:28.611174000 [INFO ] [ctrl   ] role group Picker(picker) await end!
2026-06-15 14:32:28.611186000 [INFO ] [ctrl   ] wpl-parse broadcast cmd :Stop(Immediate) 
2026-06-15 14:32:28.611200000 [INFO ] [ctrl   ] wpl-parse group routines end
2026-06-15 14:32:28.611209000 [INFO ] [ctrl   ] role group Parser(wpl-parse) await end!
2026-06-15 14:32:28.611219000 [INFO ] [ctrl   ] amt broadcast cmd :Stop(Immediate) 
2026-06-15 14:32:28.611229000 [INFO ] [ctrl   ] amt group routines [0] wait... 
2026-06-15 14:32:28.637999000 [INFO ] [ctrl   ] work-sink:demo                 update cmd: CtrlCmd::Alone 
2026-06-15 14:32:28.646931000 [INFO ] [ctrl   ] maintainer Recv cmd : Stop(Immediate)
2026-06-15 14:32:28.646990000 [INFO ] [ctrl   ] routine cmd stop 
2026-06-15 14:32:28.647050000 [INFO ] [ctrl   ] amt group routines end
2026-06-15 14:32:28.647085000 [INFO ] [ctrl   ] role group Maintainer(amt) await end!
2026-06-15 14:32:28.647102000 [INFO ] [ctrl   ] oml-sink broadcast cmd :Stop(Immediate) 
2026-06-15 14:32:28.647127000 [INFO ] [ctrl   ] oml-sink group routines [0] wait... 
2026-06-15 14:32:28.647143000 [INFO ] [ctrl   ] work-sink:nginx_to_kafka       update cmd: CtrlCmd::Stop(StopNow) 
2026-06-15 14:32:28.647162000 [INFO ] [ctrl   ] routine cmd stop 
2026-06-15 14:32:28.647174000 [INFO ] [ctrl   ] nginx_to_kafka enter draining state
2026-06-15 14:32:28.647189000 [INFO ] [ctrl   ] nginx_to_kafka drain complete
2026-06-15 14:32:28.647307000 [INFO ] [ctrl   ] nginx_to_kafka async sinks proc end
2026-06-15 14:32:28.668194000 [INFO ] [ctrl   ] work-sink:demo                 update cmd: CtrlCmd::Stop(StopNow) 
2026-06-15 14:32:28.668237000 [INFO ] [ctrl   ] routine cmd stop 
2026-06-15 14:32:28.668248000 [INFO ] [ctrl   ] demo enter draining state
2026-06-15 14:32:28.705560000 [INFO ] [ctrl   ] oml-sink group routines [1] wait... 
2026-06-15 14:32:28.790509000 [INFO ] [ctrl   ] demo drain complete
2026-06-15 14:32:28.797024000 [INFO ] [ctrl   ] demo async sinks proc end
2026-06-15 14:32:28.797191000 [INFO ] [ctrl   ] oml-sink group routines end
2026-06-15 14:32:28.797218000 [INFO ] [ctrl   ] role group Sink(oml-sink) await end!
2026-06-15 14:32:28.797236000 [INFO ] [ctrl   ] infra broadcast cmd :Stop(Immediate) 
2026-06-15 14:32:28.797258000 [INFO ] [ctrl   ] infra group routines [0] wait... 
2026-06-15 14:32:28.797270000 [INFO ] [ctrl   ] infra sinks  update cmd: CtrlCmd::Stop(StopNow) 
2026-06-15 14:32:28.797288000 [INFO ] [ctrl   ] routine cmd stop 
2026-06-15 14:32:28.797301000 [INFO ] [ctrl   ] infra sinks enter draining state
2026-06-15 14:32:28.797321000 [INFO ] [ctrl   ] infra sinks drain complete
2026-06-15 14:32:28.800954000 [INFO ] [ctrl   ] infra:default async sinks proc end
2026-06-15 14:32:28.807054000 [INFO ] [ctrl   ] infra:miss async sinks proc end
2026-06-15 14:32:28.810966000 [INFO ] [ctrl   ] infra:residue async sinks proc end
2026-06-15 14:32:28.815010000 [INFO ] [ctrl   ] infra:monitor async sinks proc end
2026-06-15 14:32:28.818925000 [INFO ] [ctrl   ] infra:error async sinks proc end
2026-06-15 14:32:28.819075000 [INFO ] [ctrl   ] infra group routines end
2026-06-15 14:32:28.819107000 [INFO ] [ctrl   ] role group Infra(infra) await end!
2026-06-15 14:32:28.819125000 [INFO ] [ctrl   ] monitor broadcast cmd :Stop(Immediate) 
2026-06-15 14:32:28.819151000 [INFO ] [ctrl   ] monitor group routines [0] wait... 
2026-06-15 14:32:28.819170000 [INFO ] [ctrl   ] monitor recv cmd: CtrlCmd::Stop(StopNow)
2026-06-15 14:32:28.819184000 [INFO ] [ctrl   ] monitor update cmd: CtrlCmd::Stop(StopNow) 
2026-06-15 14:32:28.819195000 [INFO ] [ctrl   ] routine cmd stop 
2026-06-15 14:32:28.921307000 [INFO ] [ctrl   ] monitor proc end (total_events=33)
2026-06-15 14:32:28.922752000 [INFO ] [ctrl   ] monitor group routines end
2026-06-15 14:32:28.922810000 [INFO ] [ctrl   ] role group Monitor(monitor) await end!
2026-06-15 14:32:28.922823000 [INFO ] [ctrl   ] all role groups await end!
